This is pdfTeX, Version 3.14159265-2.6-1.40.16 (TeX Live 2015/W32TeX) (preloaded format=pdflatex 2015.11.10)  6 JUN 2016 22:12
entering extended mode
 restricted \write18 enabled.
 %&-line parsing enabled.
**./A3_LearningPaper.tex
(./A3_LearningPaper.tex
LaTeX2e <2015/01/01>
Babel <3.9l> and hyphenation patterns for 79 languages loaded.
(c:/texlive/2015/texmf-dist/tex/latex/koma-script/scrartcl.cls
Document Class: scrartcl 2015/05/06 v3.17a KOMA-Script document class (article)

(c:/texlive/2015/texmf-dist/tex/latex/koma-script/scrkbase.sty
Package: scrkbase 2015/05/06 v3.17a KOMA-Script package (KOMA-Script-dependent 
basics and keyval usage)

(c:/texlive/2015/texmf-dist/tex/latex/koma-script/scrbase.sty
Package: scrbase 2015/05/06 v3.17a KOMA-Script package (KOMA-Script-independent
 basics and keyval usage)

(c:/texlive/2015/texmf-dist/tex/latex/graphics/keyval.sty
Package: keyval 2014/10/28 v1.15 key=value parser (DPC)
\KV@toks@=\toks14
)
(c:/texlive/2015/texmf-dist/tex/latex/koma-script/scrlfile.sty
Package: scrlfile 2015/05/06 v3.17a KOMA-Script package (loading files)

Package scrlfile, 2015/05/06 v3.17a KOMA-Script package (loading files)
                  Copyright (C) Markus Kohm

))) (c:/texlive/2015/texmf-dist/tex/latex/koma-script/tocbasic.sty
Package: tocbasic 2015/05/06 v3.17a KOMA-Script package (handling toc-files)
)
Package tocbasic Info: omitting babel extension for `toc'
(tocbasic)             because of feature `nobabel' available
(tocbasic)             for `toc' on input line 122.
Package tocbasic Info: omitting babel extension for `lof'
(tocbasic)             because of feature `nobabel' available
(tocbasic)             for `lof' on input line 123.
Package tocbasic Info: omitting babel extension for `lot'
(tocbasic)             because of feature `nobabel' available
(tocbasic)             for `lot' on input line 124.
Class scrartcl Info: File `scrsize11pt.clo' used instead of
(scrartcl)           file `scrsize11.clo' to setup font sizes on input line 194
2.

(c:/texlive/2015/texmf-dist/tex/latex/koma-script/scrsize11pt.clo
File: scrsize11pt.clo 2015/05/06 v3.17a KOMA-Script font size class option (11p
t)
)
(c:/texlive/2015/texmf-dist/tex/latex/koma-script/typearea.sty
Package: typearea 2015/05/06 v3.17a KOMA-Script package (type area)

Package typearea, 2015/05/06 v3.17a KOMA-Script package (type area)
                  Copyright (C) Frank Neukam, 1992-1994
                  Copyright (C) Markus Kohm, 1994-

\ta@bcor=\skip41
\ta@div=\count79
Package typearea Info: You've used standard option `a4paper'.
(typearea)             This is correct!
(typearea)             Internally I'm using `paper=a4'.
(typearea)             If you'd like to set the option with \KOMAoptions,
(typearea)             you'd have to use `paper=a4' there
(typearea)             instead of `a4paper', too.
\ta@hblk=\skip42
\ta@vblk=\skip43
\ta@temp=\skip44
\footheight=\skip45

Package typearea Warning: Maybe no optimal type area settings!
(typearea)                The maximum limit of line width is about 40%
(typearea)                larger than the heuristically detected line width.
(typearea)                You may e.g. increase DIV, decrease fontsize
(typearea)                or change the papersize.

Package typearea Info: These are the values describing the layout:
(typearea)             DIV  = 10
(typearea)             BCOR = 0.0pt
(typearea)             \paperwidth      = 597.50793pt
(typearea)              \textwidth      = 418.25555pt
(typearea)              DIV departure   = 40%
(typearea)              \evensidemargin = 17.3562pt
(typearea)              \oddsidemargin  = 17.3562pt
(typearea)             \paperheight     = 845.04694pt
(typearea)              \textheight     = 595.80026pt
(typearea)              \topmargin      = -25.16531pt
(typearea)              \headheight     = 17.0pt
(typearea)              \headsep        = 20.40001pt
(typearea)              \topskip        = 11.0pt
(typearea)              \footskip       = 47.6pt
(typearea)              \baselineskip   = 13.6pt
(typearea)              on input line 1485.
)
\c@part=\count80
\c@section=\count81
\c@subsection=\count82
\c@subsubsection=\count83
\c@paragraph=\count84
\c@subparagraph=\count85
LaTeX Info: Redefining \textsubscript on input line 3718.
\abovecaptionskip=\skip46
\belowcaptionskip=\skip47
\c@pti@nb@sid@b@x=\box26
\c@figure=\count86
\c@table=\count87
\bibindent=\dimen102
) (c:/texlive/2015/texmf-dist/tex/generic/babel/babel.sty
Package: babel 2014/09/25 3.9l The Babel package

(c:/texlive/2015/texmf-dist/tex/generic/babel-german/ngerman.ldf
Language: ngerman 2013/12/13 v2.7 German support for babel (new orthography)

(c:/texlive/2015/texmf-dist/tex/generic/babel-german/ngermanb.ldf
Language: ngermanb 2013/12/13 v2.7 German support for babel (new orthography)

(c:/texlive/2015/texmf-dist/tex/generic/babel/babel.def
File: babel.def 2014/09/25 3.9l Babel common definitions
\babel@savecnt=\count88
\U@D=\dimen103
)
\l@naustrian = a dialect from \language\l@ngerman 
\l@nswissgerman = a dialect from \language\l@ngerman 
Package babel Info: Making " an active character on input line 88.
))
(c:/texlive/2015/texmf-dist/tex/generic/babel-english/english.ldf
Language: english 2012/08/20 v3.3p English support from the babel system
\l@canadian = a dialect from \language\l@american 
\l@australian = a dialect from \language\l@british 
\l@newzealand = a dialect from \language\l@british 
))
(./preamble.tex (c:/texlive/2015/texmf-dist/tex/latex/graphics/graphicx.sty
Package: graphicx 2014/10/28 v1.0g Enhanced LaTeX Graphics (DPC,SPQR)

(c:/texlive/2015/texmf-dist/tex/latex/graphics/graphics.sty
Package: graphics 2014/10/28 v1.0p Standard LaTeX Graphics (DPC,SPQR)

(c:/texlive/2015/texmf-dist/tex/latex/graphics/trig.sty
Package: trig 1999/03/16 v1.09 sin cos tan (DPC)
)
(c:/texlive/2015/texmf-dist/tex/latex/latexconfig/graphics.cfg
File: graphics.cfg 2010/04/23 v1.9 graphics configuration of TeX Live
)
Package graphics Info: Driver file: pdftex.def on input line 94.

(c:/texlive/2015/texmf-dist/tex/latex/pdftex-def/pdftex.def
File: pdftex.def 2011/05/27 v0.06d Graphics/color for pdfTeX

(c:/texlive/2015/texmf-dist/tex/generic/oberdiek/infwarerr.sty
Package: infwarerr 2010/04/08 v1.3 Providing info/warning/error messages (HO)
)
(c:/texlive/2015/texmf-dist/tex/generic/oberdiek/ltxcmds.sty
Package: ltxcmds 2011/11/09 v1.22 LaTeX kernel commands for general use (HO)
)
\Gread@gobject=\count89
))
\Gin@req@height=\dimen104
\Gin@req@width=\dimen105
)
(c:/texlive/2015/texmf-dist/tex/latex/geometry/geometry.sty
Package: geometry 2010/09/12 v5.6 Page Geometry

(c:/texlive/2015/texmf-dist/tex/generic/oberdiek/ifpdf.sty
Package: ifpdf 2011/01/30 v2.3 Provides the ifpdf switch (HO)
Package ifpdf Info: pdfTeX in PDF mode is detected.
)
(c:/texlive/2015/texmf-dist/tex/generic/oberdiek/ifvtex.sty
Package: ifvtex 2010/03/01 v1.5 Detect VTeX and its facilities (HO)
Package ifvtex Info: VTeX not detected.
)
(c:/texlive/2015/texmf-dist/tex/generic/ifxetex/ifxetex.sty
Package: ifxetex 2010/09/12 v0.6 Provides ifxetex conditional
)
\Gm@cnth=\count90
\Gm@cntv=\count91
\c@Gm@tempcnt=\count92
\Gm@bindingoffset=\dimen106
\Gm@wd@mp=\dimen107
\Gm@odd@mp=\dimen108
\Gm@even@mp=\dimen109
\Gm@layoutwidth=\dimen110
\Gm@layoutheight=\dimen111
\Gm@layouthoffset=\dimen112
\Gm@layoutvoffset=\dimen113
\Gm@dimlist=\toks15
)
(c:/texlive/2015/texmf-dist/tex/latex/trfsigns/trfsigns.sty
Package: trfsigns 
)
(c:/texlive/2015/texmf-dist/tex/latex/xcolor/xcolor.sty
Package: xcolor 2007/01/21 v2.11 LaTeX color extensions (UK)

(c:/texlive/2015/texmf-dist/tex/latex/latexconfig/color.cfg
File: color.cfg 2007/01/18 v1.5 color configuration of teTeX/TeXLive
)
Package xcolor Info: Driver file: pdftex.def on input line 225.
Package xcolor Info: Model `cmy' substituted by `cmy0' on input line 1337.
Package xcolor Info: Model `hsb' substituted by `rgb' on input line 1341.
Package xcolor Info: Model `RGB' extended on input line 1353.
Package xcolor Info: Model `HTML' substituted by `rgb' on input line 1355.
Package xcolor Info: Model `Hsb' substituted by `hsb' on input line 1356.
Package xcolor Info: Model `tHsb' substituted by `hsb' on input line 1357.
Package xcolor Info: Model `HSB' substituted by `hsb' on input line 1358.
Package xcolor Info: Model `Gray' substituted by `gray' on input line 1359.
Package xcolor Info: Model `wave' substituted by `hsb' on input line 1360.
)
(c:/texlive/2015/texmf-dist/tex/latex/amsfonts/amsfonts.sty
Package: amsfonts 2013/01/14 v3.01 Basic AMSFonts support
\@emptytoks=\toks16
\symAMSa=\mathgroup4
\symAMSb=\mathgroup5
LaTeX Font Info:    Overwriting math alphabet `\mathfrak' in version `bold'
(Font)                  U/euf/m/n --> U/euf/b/n on input line 106.
)
(c:/texlive/2015/texmf-dist/tex/latex/mathtools/mathtools.sty
Package: mathtools 2015/05/11 v1.16 mathematical typesetting tools

(c:/texlive/2015/texmf-dist/tex/latex/tools/calc.sty
Package: calc 2014/10/28 v4.3 Infix arithmetic (KKT,FJ)
\calc@Acount=\count93
\calc@Bcount=\count94
\calc@Adimen=\dimen114
\calc@Bdimen=\dimen115
\calc@Askip=\skip48
\calc@Bskip=\skip49
LaTeX Info: Redefining \setlength on input line 80.
LaTeX Info: Redefining \addtolength on input line 81.
\calc@Ccount=\count95
\calc@Cskip=\skip50
)
(c:/texlive/2015/texmf-dist/tex/latex/mathtools/mhsetup.sty
Package: mhsetup 2010/01/21 v1.2a programming setup (MH)
)
(c:/texlive/2015/texmf-dist/tex/latex/amsmath/amsmath.sty
Package: amsmath 2013/01/14 v2.14 AMS math features
\@mathmargin=\skip51

For additional information on amsmath, use the `?' option.
(c:/texlive/2015/texmf-dist/tex/latex/amsmath/amstext.sty
Package: amstext 2000/06/29 v2.01

(c:/texlive/2015/texmf-dist/tex/latex/amsmath/amsgen.sty
File: amsgen.sty 1999/11/30 v2.0
\@emptytoks=\toks17
\ex@=\dimen116
))
(c:/texlive/2015/texmf-dist/tex/latex/amsmath/amsbsy.sty
Package: amsbsy 1999/11/29 v1.2d
\pmbraise@=\dimen117
)
(c:/texlive/2015/texmf-dist/tex/latex/amsmath/amsopn.sty
Package: amsopn 1999/12/14 v2.01 operator names
)
\inf@bad=\count96
LaTeX Info: Redefining \frac on input line 210.
\uproot@=\count97
\leftroot@=\count98
LaTeX Info: Redefining \overline on input line 306.
\classnum@=\count99
\DOTSCASE@=\count100
LaTeX Info: Redefining \ldots on input line 378.
LaTeX Info: Redefining \dots on input line 381.
LaTeX Info: Redefining \cdots on input line 466.
\Mathstrutbox@=\box27
\strutbox@=\box28
\big@size=\dimen118
LaTeX Font Info:    Redeclaring font encoding OML on input line 566.
LaTeX Font Info:    Redeclaring font encoding OMS on input line 567.
\macc@depth=\count101
\c@MaxMatrixCols=\count102
\dotsspace@=\muskip10
\c@parentequation=\count103
\dspbrk@lvl=\count104
\tag@help=\toks18
\row@=\count105
\column@=\count106
\maxfields@=\count107
\andhelp@=\toks19
\eqnshift@=\dimen119
\alignsep@=\dimen120
\tagshift@=\dimen121
\tagwidth@=\dimen122
\totwidth@=\dimen123
\lineht@=\dimen124
\@envbody=\toks20
\multlinegap=\skip52
\multlinetaggap=\skip53
\mathdisplay@stack=\toks21
LaTeX Info: Redefining \[ on input line 2665.
LaTeX Info: Redefining \] on input line 2666.
)
LaTeX Info: Thecontrolsequence`\('isalreadyrobust on input line 129.
LaTeX Info: Thecontrolsequence`\)'isalreadyrobust on input line 129.
LaTeX Info: Thecontrolsequence`\['isalreadyrobust on input line 129.
LaTeX Info: Thecontrolsequence`\]'isalreadyrobust on input line 129.
\g_MT_multlinerow_int=\count108
\l_MT_multwidth_dim=\dimen125
\origjot=\skip54
\l_MT_shortvdotswithinadjustabove_dim=\dimen126
\l_MT_shortvdotswithinadjustbelow_dim=\dimen127
\l_MT_above_intertext_sep=\dimen128
\l_MT_below_intertext_sep=\dimen129
\l_MT_above_shortintertext_sep=\dimen130
\l_MT_below_shortintertext_sep=\dimen131
)

Class scrartcl Warning: Usage of package `fancyhdr' together
(scrartcl)              with a KOMA-Script class is not recommended.
(scrartcl)              I'd suggest to use 
(scrartcl)              package `scrlayer-scrpage'.
(scrartcl)              Nevertheless, using requested
(scrartcl)              package `fancyhdr' on input line 11.

(c:/texlive/2015/texmf-dist/tex/latex/fancyhdr/fancyhdr.sty
\fancy@headwidth=\skip55
\f@ncyO@elh=\skip56
\f@ncyO@erh=\skip57
\f@ncyO@olh=\skip58
\f@ncyO@orh=\skip59
\f@ncyO@elf=\skip60
\f@ncyO@erf=\skip61
\f@ncyO@olf=\skip62
\f@ncyO@orf=\skip63
))
(./A3_LearningPaper.aux)
\openout1 = `A3_LearningPaper.aux'.

LaTeX Font Info:    Checking defaults for OML/cmm/m/it on input line 10.
LaTeX Font Info:    ... okay on input line 10.
LaTeX Font Info:    Checking defaults for T1/cmr/m/n on input line 10.
LaTeX Font Info:    ... okay on input line 10.
LaTeX Font Info:    Checking defaults for OT1/cmr/m/n on input line 10.
LaTeX Font Info:    ... okay on input line 10.
LaTeX Font Info:    Checking defaults for OMS/cmsy/m/n on input line 10.
LaTeX Font Info:    ... okay on input line 10.
LaTeX Font Info:    Checking defaults for OMX/cmex/m/n on input line 10.
LaTeX Font Info:    ... okay on input line 10.
LaTeX Font Info:    Checking defaults for U/cmr/m/n on input line 10.
LaTeX Font Info:    ... okay on input line 10.

(c:/texlive/2015/texmf-dist/tex/context/base/supp-pdf.mkii
[Loading MPS to PDF converter (version 2006.09.02).]
\scratchcounter=\count109
\scratchdimen=\dimen132
\scratchbox=\box29
\nofMPsegments=\count110
\nofMParguments=\count111
\everyMPshowfont=\toks22
\MPscratchCnt=\count112
\MPscratchDim=\dimen133
\MPnumerator=\count113
\makeMPintoPDFobject=\count114
\everyMPtoPDFconversion=\toks23
) (c:/texlive/2015/texmf-dist/tex/generic/oberdiek/pdftexcmds.sty
Package: pdftexcmds 2011/11/29 v0.20 Utility functions of pdfTeX for LuaTeX (HO
)

(c:/texlive/2015/texmf-dist/tex/generic/oberdiek/ifluatex.sty
Package: ifluatex 2010/03/01 v1.3 Provides the ifluatex switch (HO)
Package ifluatex Info: LuaTeX not detected.
)
Package pdftexcmds Info: LuaTeX not detected.
Package pdftexcmds Info: \pdf@primitive is available.
Package pdftexcmds Info: \pdf@ifprimitive is available.
Package pdftexcmds Info: \pdfdraftmode found.
)
(c:/texlive/2015/texmf-dist/tex/latex/oberdiek/epstopdf-base.sty
Package: epstopdf-base 2010/02/09 v2.5 Base part for package epstopdf

(c:/texlive/2015/texmf-dist/tex/latex/oberdiek/grfext.sty
Package: grfext 2010/08/19 v1.1 Manage graphics extensions (HO)

(c:/texlive/2015/texmf-dist/tex/generic/oberdiek/kvdefinekeys.sty
Package: kvdefinekeys 2011/04/07 v1.3 Define keys (HO)
))
(c:/texlive/2015/texmf-dist/tex/latex/oberdiek/kvoptions.sty
Package: kvoptions 2011/06/30 v3.11 Key value format for package options (HO)

(c:/texlive/2015/texmf-dist/tex/generic/oberdiek/kvsetkeys.sty
Package: kvsetkeys 2012/04/25 v1.16 Key value parser (HO)

(c:/texlive/2015/texmf-dist/tex/generic/oberdiek/etexcmds.sty
Package: etexcmds 2011/02/16 v1.5 Avoid name clashes with e-TeX commands (HO)
Package etexcmds Info: Could not find \expanded.
(etexcmds)             That can mean that you are not using pdfTeX 1.50 or
(etexcmds)             that some package has redefined \expanded.
(etexcmds)             In the latter case, load this package earlier.
)))
Package grfext Info: Graphics extension search list:
(grfext)             [.png,.pdf,.jpg,.mps,.jpeg,.jbig2,.jb2,.PNG,.PDF,.JPG,.JPE
G,.JBIG2,.JB2,.eps]
(grfext)             \AppendGraphicsExtensions on input line 452.

(c:/texlive/2015/texmf-dist/tex/latex/latexconfig/epstopdf-sys.cfg
File: epstopdf-sys.cfg 2010/07/13 v1.3 Configuration of (r)epstopdf for TeX Liv
e
))
*geometry* driver: auto-detecting
*geometry* detected driver: pdftex

Package geometry Warning: The marginal notes overrun the paper edge.
     Add 29.91177pt and more to the left margin.


Package geometry Warning: The marginal notes overrun the paper.
     Add 29.91177pt and more to the right margin.

*geometry* verbose mode - [ preamble ] result:
* driver: pdftex
* paper: a4paper
* layout: <same size as paper>
* layoutoffset:(h,v)=(0.0pt,0.0pt)
* modes: 
* h-part:(L,W,R)=(42.67912pt, 512.14963pt, 42.67912pt)
* v-part:(T,H,B)=(71.13188pt, 702.78308pt, 71.13188pt)
* \paperwidth=597.50787pt
* \paperheight=845.04684pt
* \textwidth=512.14963pt
* \textheight=702.78308pt
* \oddsidemargin=-29.59087pt
* \evensidemargin=-29.59087pt
* \topmargin=-38.53812pt
* \headheight=17.0pt
* \headsep=20.40001pt
* \topskip=11.0pt
* \footskip=47.6pt
* \marginparwidth=59.7508pt
* \marginparsep=12.8401pt
* \columnsep=10.0pt
* \skip\footins=10.0pt plus 4.0pt minus 2.0pt
* \hoffset=0.0pt
* \voffset=0.0pt
* \mag=1000
* \@twocolumntrue
* \@twosidefalse
* \@mparswitchfalse
* \@reversemarginfalse
* (1in=72.27pt=25.4mm, 1cm=28.453pt)

(./A3_LearningPaper.toc
LaTeX Font Info:    Try loading font information for U+msa on input line 4.
 (c:/texlive/2015/texmf-dist/tex/latex/amsfonts/umsa.fd
File: umsa.fd 2013/01/14 v3.01 AMS symbols A
)
LaTeX Font Info:    Try loading font information for U+msb on input line 4.
(c:/texlive/2015/texmf-dist/tex/latex/amsfonts/umsb.fd
File: umsb.fd 2013/01/14 v3.01 AMS symbols B
))
\tf@toc=\write3
\openout3 = `A3_LearningPaper.toc'.


(./content_LA/definitions.tex
<images_LA/HiL.jpg, id=1, 161.85469pt x 91.09032pt>
File: images_LA/HiL.jpg Graphic file (type jpg)
 <use images_LA/HiL.jpg>
Package pdftex.def Info: images_LA/HiL.jpg used on input line 7.
(pdftex.def)             Requested size: 100.42839pt x 56.51987pt.

<images_LA/SiL.jpg, id=2, 313.9228pt x 58.71938pt>
File: images_LA/SiL.jpg Graphic file (type jpg)
 <use images_LA/SiL.jpg>
Package pdftex.def Info: images_LA/SiL.jpg used on input line 14.
(pdftex.def)             Requested size: 175.7516pt x 32.87364pt.

Underfull \hbox (badness 3343) in paragraph at lines 11--18
[]\OT1/cmr/m/n/10.95 is a sim-u-la-tion tech-
 []


Underfull \hbox (badness 1038) in paragraph at lines 18--19
[]\OT1/cmr/m/n/10.95 is an ab-strac-tion from re-al-world ob-jects;
 []

<images_LA/timediscrete.jpg, id=3, 191.9672pt x 140.77594pt>
File: images_LA/timediscrete.jpg Graphic file (type jpg)

<use images_LA/timediscrete.jpg>
Package pdftex.def Info: images_LA/timediscrete.jpg used on input line 23.
(pdftex.def)             Requested size: 125.5374pt x 92.06175pt.

<images_LA/timecontinuos.jpg, id=4, 197.98969pt x 143.78719pt>
File: images_LA/timecontinuos.jpg Graphic file (type jpg)

<use images_LA/timecontinuos.jpg>
Package pdftex.def Info: images_LA/timecontinuos.jpg used on input line 30.
(pdftex.def)             Requested size: 175.7516pt x 127.63889pt.

<images_LA/discreteY_continuosX.jpg, id=5, 186.6975pt x 92.59593pt>
File: images_LA/discreteY_continuosX.jpg Graphic file (type jpg)

<use images_LA/discreteY_continuosX.jpg>
Package pdftex.def Info: images_LA/discreteY_continuosX.jpg used on input line 
37.
(pdftex.def)             Requested size: 175.7516pt x 87.17015pt.

<images_LA/discreteY_discreteX.jpg, id=6, 189.70876pt x 162.6075pt>
File: images_LA/discreteY_discreteX.jpg Graphic file (type jpg)

<use images_LA/discreteY_discreteX.jpg>
Package pdftex.def Info: images_LA/discreteY_discreteX.jpg used on input line 4
4.
(pdftex.def)             Requested size: 175.7516pt x 150.64777pt.


LaTeX Warning: `!h' float specifier changed to `!ht'.

<images_LA/ContinuosX_continuosY.jpg, id=7, 192.72pt x 173.14688pt>
File: images_LA/ContinuosX_continuosY.jpg Graphic file (type jpg)

<use images_LA/ContinuosX_continuosY.jpg>
Package pdftex.def Info: images_LA/ContinuosX_continuosY.jpg used on input line
 52.
(pdftex.def)             Requested size: 175.7516pt x 157.90207pt.


Package Fancyhdr Warning: \headheight is too small (17.0pt): 
 Make it at least 32.43999pt.
 We now make it that large for the rest of the document.
 This may cause the page layout to be inconsistent, however.

[1{c:/texlive/2015/texmf-var/fonts/map/pdftex/updmap/pdftex.map}


 <./images_LA/HiL.jpg> <./images_LA/SiL.jpg> <./images_LA/timediscrete.jpg> <./
images_LA/timecontinuos.jpg> <./images_LA/discreteY_continuosX.jpg>]
<images_LA/DiscreteX_continuosY.jpg, id=17, 179.92218pt x 173.89969pt>
File: images_LA/DiscreteX_continuosY.jpg Graphic file (type jpg)

<use images_LA/DiscreteX_continuosY.jpg>
Package pdftex.def Info: images_LA/DiscreteX_continuosY.jpg used on input line 
59.
(pdftex.def)             Requested size: 175.7516pt x 169.88185pt.

<images_LA/DFT.jpg, id=18, 504.38437pt x 134.00063pt>
File: images_LA/DFT.jpg Graphic file (type jpg)
 <use images_LA/DFT.jpg>
Package pdftex.def Info: images_LA/DFT.jpg used on input line 67.
(pdftex.def)             Requested size: 175.7516pt x 46.69235pt.


LaTeX Warning: `!h' float specifier changed to `!ht'.

<images_LA/dirac1.jpg, id=19, 323.70938pt x 98.61844pt>
File: images_LA/dirac1.jpg Graphic file (type jpg)

<use images_LA/dirac1.jpg>
Package pdftex.def Info: images_LA/dirac1.jpg used on input line 76.
(pdftex.def)             Requested size: 175.7516pt x 53.54358pt.

<images_LA/dirac2.jpg, id=20, 292.09125pt x 118.94438pt>
File: images_LA/dirac2.jpg Graphic file (type jpg)

<use images_LA/dirac2.jpg>
Package pdftex.def Info: images_LA/dirac2.jpg used on input line 85.
(pdftex.def)             Requested size: 175.7516pt x 71.57043pt.

<images_LA/diraccomb.jpg, id=21, 455.45157pt x 155.83218pt>
File: images_LA/diraccomb.jpg Graphic file (type jpg)

<use images_LA/diraccomb.jpg>
Package pdftex.def Info: images_LA/diraccomb.jpg used on input line 93.
(pdftex.def)             Requested size: 175.7516pt x 60.13467pt.


Package Fancyhdr Warning: \headheight is too small (17.0pt): 
 Make it at least 32.43999pt.
 We now make it that large for the rest of the document.
 This may cause the page layout to be inconsistent, however.

[2 <./images_LA/discreteY_discreteX.jpg> <./images_LA/ContinuosX_continuosY.jpg
> <./images_LA/DiscreteX_continuosY.jpg> <./images_LA/DFT.jpg> <./images_LA/dir
ac1.jpg> <./images_LA/dirac2.jpg> <./images_LA/diraccomb.jpg>]
<images_LA/discontinu.jpg, id=31, 258.21469pt x 106.89937pt>
File: images_LA/discontinu.jpg Graphic file (type jpg)

<use images_LA/discontinu.jpg>
Package pdftex.def Info: images_LA/discontinu.jpg used on input line 123.
(pdftex.def)             Requested size: 175.7516pt x 72.76236pt.

Overfull \hbox (7.58327pt too wide) in paragraph at lines 129--130
[]\OT1/cmr/m/n/10.95 means that the
 []

<images_LA/window.jpg, id=32, 462.22687pt x 177.66376pt>
File: images_LA/window.jpg Graphic file (type jpg)

<use images_LA/window.jpg>
Package pdftex.def Info: images_LA/window.jpg used on input line 139.
(pdftex.def)             Requested size: 175.7516pt x 67.55359pt.

<images_LA/zerop.jpg, id=33, 439.6425pt x 153.57375pt>
File: images_LA/zerop.jpg Graphic file (type jpg)

<use images_LA/zerop.jpg>
Package pdftex.def Info: images_LA/zerop.jpg used on input line 147.
(pdftex.def)             Requested size: 175.7516pt x 61.3909pt.
)

Package Fancyhdr Warning: \headheight is too small (17.0pt): 
 Make it at least 32.43999pt.
 We now make it that large for the rest of the document.
 This may cause the page layout to be inconsistent, however.

[3 <./images_LA/discontinu.jpg> <./images_LA/window.jpg> <./images_LA/zerop.jpg
>] (./content_LA/ODEs.tex
Overfull \hbox (3.55125pt too wide) in paragraph at lines 18--18
[][] 
 []


Overfull \hbox (11.1955pt too wide) in paragraph at lines 18--19
[][] 
 []


Overfull \hbox (11.1955pt too wide) in paragraph at lines 46--47
[][] 
 []

) (./content_LA/DFT.tex
<images_LA/mirrorValues.jpg, id=38, 3766.07pt x 1341.01pt>
File: images_LA/mirrorValues.jpg Graphic file (type jpg)

<use images_LA/mirrorValues.jpg>
Package pdftex.def Info: images_LA/mirrorValues.jpg used on input line 19.
(pdftex.def)             Requested size: 225.96579pt x 80.45712pt.

Overfull \hbox (28.98668pt too wide) in paragraph at lines 26--56
[]$[]\OT1/cmr/m/n/10.95 ([]) = []$ = $ [] $ 
 []


Package Fancyhdr Warning: \headheight is too small (17.0pt): 
 Make it at least 32.43999pt.
 We now make it that large for the rest of the document.
 This may cause the page layout to be inconsistent, however.

[4 <./images_LA/mirrorValues.jpg>])

Package Fancyhdr Warning: \headheight is too small (17.0pt): 
 Make it at least 32.43999pt.
 We now make it that large for the rest of the document.
 This may cause the page layout to be inconsistent, however.

[5

] (./A3_LearningPaper.aux) ) 
Here is how much of TeX's memory you used:
 5947 strings out of 493089
 89554 string characters out of 6138424
 242462 words of memory out of 5000000
 9307 multiletter control sequences out of 15000+600000
 11635 words of font info for 44 fonts, out of 8000000 for 9000
 1141 hyphenation exceptions out of 8191
 47i,12n,50p,385b,373s stack positions out of 5000i,500n,10000p,200000b,80000s
<c:/texlive/2015/texmf-dist/fonts/type1/public/amsf
onts/cm/cmbx12.pfb><c:/texlive/2015/texmf-dist/fonts/type1/public/amsfonts/cm/c
mex10.pfb><c:/texlive/2015/texmf-dist/fonts/type1/public/amsfonts/cm/cmmi10.pfb
><c:/texlive/2015/texmf-dist/fonts/type1/public/amsfonts/cm/cmmi12.pfb><c:/texl
ive/2015/texmf-dist/fonts/type1/public/amsfonts/cm/cmmi6.pfb><c:/texlive/2015/t
exmf-dist/fonts/type1/public/amsfonts/cm/cmmi8.pfb><c:/texlive/2015/texmf-dist/
fonts/type1/public/amsfonts/cm/cmr10.pfb><c:/texlive/2015/texmf-dist/fonts/type
1/public/amsfonts/cm/cmr12.pfb><c:/texlive/2015/texmf-dist/fonts/type1/public/a
msfonts/cm/cmr6.pfb><c:/texlive/2015/texmf-dist/fonts/type1/public/amsfonts/cm/
cmr8.pfb><c:/texlive/2015/texmf-dist/fonts/type1/public/amsfonts/cm/cmssbx10.pf
b><c:/texlive/2015/texmf-dist/fonts/type1/public/amsfonts/cm/cmsy10.pfb><c:/tex
live/2015/texmf-dist/fonts/type1/public/amsfonts/cm/cmsy8.pfb><c:/texlive/2015/
texmf-dist/fonts/type1/public/amsfonts/latxfont/lcircle1.pfb>
Output written on A3_LearningPaper.pdf (5 pages, 1452044 bytes).
PDF statistics:
 92 PDF objects out of 1000 (max. 8388607)
 54 compressed objects within 1 object stream
 0 named destinations out of 1000 (max. 500000)
 81 words of extra memory for PDF output out of 10000 (max. 10000000)

